[0.435s] Invoking command in '/home/sun/ros2_autonomous_vehicle_simulation/build/debug_pkg': PYTHONPATH=/home/sun/ros2_autonomous_vehicle_simulation/build/debug_pkg/prefix_override:/usr/lib/python3/dist-packages/colcon_core/task/python/colcon_distutils_commands:/home/sun/ros2_autonomous_vehicle_simulation/install/debug_pkg/lib/python3.10/site-packages:${PYTHONPATH} /usr/bin/python3 -W ignore:setup.py install is deprecated -W ignore:easy_install command is deprecated setup.py develop --editable --build-directory /home/sun/ros2_autonomous_vehicle_simulation/build/debug_pkg/build --no-deps symlink_data
[0.617s] running develop
[0.729s] running egg_info
[0.730s] creating debug_pkg.egg-info
[0.730s] writing debug_pkg.egg-info/PKG-INFO
[0.730s] writing dependency_links to debug_pkg.egg-info/dependency_links.txt
[0.730s] writing entry points to debug_pkg.egg-info/entry_points.txt
[0.730s] writing requirements to debug_pkg.egg-info/requires.txt
[0.730s] writing top-level names to debug_pkg.egg-info/top_level.txt
[0.730s] writing manifest file 'debug_pkg.egg-info/SOURCES.txt'
[0.731s] reading manifest file 'debug_pkg.egg-info/SOURCES.txt'
[0.732s] writing manifest file 'debug_pkg.egg-info/SOURCES.txt'
[0.733s] running build_ext
[0.733s] Creating /home/sun/ros2_autonomous_vehicle_simulation/install/debug_pkg/lib/python3.10/site-packages/debug-pkg.egg-link (link to .)
[0.733s] Installing image_saver_node script to /home/sun/ros2_autonomous_vehicle_simulation/install/debug_pkg/lib/debug_pkg
[0.733s] Installing path_visualizer_node script to /home/sun/ros2_autonomous_vehicle_simulation/install/debug_pkg/lib/debug_pkg
[0.734s] Installing yolov8_visualizer_node script to /home/sun/ros2_autonomous_vehicle_simulation/install/debug_pkg/lib/debug_pkg
[0.734s] 
[0.734s] Installed /home/sun/ros2_autonomous_vehicle_simulation/build/debug_pkg
[0.734s] running symlink_data
[0.734s] creating /home/sun/ros2_autonomous_vehicle_simulation/install/debug_pkg/share/ament_index
[0.734s] creating /home/sun/ros2_autonomous_vehicle_simulation/install/debug_pkg/share/ament_index/resource_index
[0.734s] creating /home/sun/ros2_autonomous_vehicle_simulation/install/debug_pkg/share/ament_index/resource_index/packages
[0.734s] symbolically linking /home/sun/ros2_autonomous_vehicle_simulation/build/debug_pkg/resource/debug_pkg -> /home/sun/ros2_autonomous_vehicle_simulation/install/debug_pkg/share/ament_index/resource_index/packages
[0.734s] symbolically linking /home/sun/ros2_autonomous_vehicle_simulation/build/debug_pkg/package.xml -> /home/sun/ros2_autonomous_vehicle_simulation/install/debug_pkg/share/debug_pkg
[0.758s] Invoked command in '/home/sun/ros2_autonomous_vehicle_simulation/build/debug_pkg' returned '0': PYTHONPATH=/home/sun/ros2_autonomous_vehicle_simulation/build/debug_pkg/prefix_override:/usr/lib/python3/dist-packages/colcon_core/task/python/colcon_distutils_commands:/home/sun/ros2_autonomous_vehicle_simulation/install/debug_pkg/lib/python3.10/site-packages:${PYTHONPATH} /usr/bin/python3 -W ignore:setup.py install is deprecated -W ignore:easy_install command is deprecated setup.py develop --editable --build-directory /home/sun/ros2_autonomous_vehicle_simulation/build/debug_pkg/build --no-deps symlink_data
