[0.455s] Invoking command in '/home/sun/ros2_autonomous_vehicle_simulation/build/lidar_perception_pkg': PYTHONPATH=/home/sun/ros2_autonomous_vehicle_simulation/build/lidar_perception_pkg/prefix_override:/usr/lib/python3/dist-packages/colcon_core/task/python/colcon_distutils_commands:/home/sun/ros2_autonomous_vehicle_simulation/install/lidar_perception_pkg/lib/python3.10/site-packages:${PYTHONPATH} /usr/bin/python3 -W ignore:setup.py install is deprecated -W ignore:easy_install command is deprecated setup.py develop --editable --build-directory /home/sun/ros2_autonomous_vehicle_simulation/build/lidar_perception_pkg/build --no-deps symlink_data
[0.647s] running develop
[0.764s] running egg_info
[0.764s] creating lidar_perception_pkg.egg-info
[0.764s] writing lidar_perception_pkg.egg-info/PKG-INFO
[0.764s] writing dependency_links to lidar_perception_pkg.egg-info/dependency_links.txt
[0.764s] writing entry points to lidar_perception_pkg.egg-info/entry_points.txt
[0.764s] writing requirements to lidar_perception_pkg.egg-info/requires.txt
[0.764s] writing top-level names to lidar_perception_pkg.egg-info/top_level.txt
[0.764s] writing manifest file 'lidar_perception_pkg.egg-info/SOURCES.txt'
[0.765s] reading manifest file 'lidar_perception_pkg.egg-info/SOURCES.txt'
[0.766s] writing manifest file 'lidar_perception_pkg.egg-info/SOURCES.txt'
[0.766s] running build_ext
[0.767s] Creating /home/sun/ros2_autonomous_vehicle_simulation/install/lidar_perception_pkg/lib/python3.10/site-packages/lidar-perception-pkg.egg-link (link to .)
[0.767s] Installing lidar_obstacle_detector_node script to /home/sun/ros2_autonomous_vehicle_simulation/install/lidar_perception_pkg/lib/lidar_perception_pkg
[0.767s] Installing lidar_processor_node script to /home/sun/ros2_autonomous_vehicle_simulation/install/lidar_perception_pkg/lib/lidar_perception_pkg
[0.767s] Installing lidar_publisher_node script to /home/sun/ros2_autonomous_vehicle_simulation/install/lidar_perception_pkg/lib/lidar_perception_pkg
[0.767s] 
[0.767s] Installed /home/sun/ros2_autonomous_vehicle_simulation/build/lidar_perception_pkg
[0.767s] running symlink_data
[0.768s] creating /home/sun/ros2_autonomous_vehicle_simulation/install/lidar_perception_pkg/share/ament_index
[0.768s] creating /home/sun/ros2_autonomous_vehicle_simulation/install/lidar_perception_pkg/share/ament_index/resource_index
[0.768s] creating /home/sun/ros2_autonomous_vehicle_simulation/install/lidar_perception_pkg/share/ament_index/resource_index/packages
[0.768s] symbolically linking /home/sun/ros2_autonomous_vehicle_simulation/build/lidar_perception_pkg/resource/lidar_perception_pkg -> /home/sun/ros2_autonomous_vehicle_simulation/install/lidar_perception_pkg/share/ament_index/resource_index/packages
[0.768s] symbolically linking /home/sun/ros2_autonomous_vehicle_simulation/build/lidar_perception_pkg/package.xml -> /home/sun/ros2_autonomous_vehicle_simulation/install/lidar_perception_pkg/share/lidar_perception_pkg
[0.791s] Invoked command in '/home/sun/ros2_autonomous_vehicle_simulation/build/lidar_perception_pkg' returned '0': PYTHONPATH=/home/sun/ros2_autonomous_vehicle_simulation/build/lidar_perception_pkg/prefix_override:/usr/lib/python3/dist-packages/colcon_core/task/python/colcon_distutils_commands:/home/sun/ros2_autonomous_vehicle_simulation/install/lidar_perception_pkg/lib/python3.10/site-packages:${PYTHONPATH} /usr/bin/python3 -W ignore:setup.py install is deprecated -W ignore:easy_install command is deprecated setup.py develop --editable --build-directory /home/sun/ros2_autonomous_vehicle_simulation/build/lidar_perception_pkg/build --no-deps symlink_data
