[0.434s] Invoking command in '/home/sun/ros2_autonomous_vehicle_simulation/build/decision_making_pkg': PYTHONPATH=/home/sun/ros2_autonomous_vehicle_simulation/build/decision_making_pkg/prefix_override:/usr/lib/python3/dist-packages/colcon_core/task/python/colcon_distutils_commands:/home/sun/ros2_autonomous_vehicle_simulation/install/decision_making_pkg/lib/python3.10/site-packages:${PYTHONPATH} /usr/bin/python3 -W ignore:setup.py install is deprecated -W ignore:easy_install command is deprecated setup.py develop --editable --build-directory /home/sun/ros2_autonomous_vehicle_simulation/build/decision_making_pkg/build --no-deps symlink_data
[0.619s] running develop
[0.733s] running egg_info
[0.733s] creating decision_making_pkg.egg-info
[0.733s] writing decision_making_pkg.egg-info/PKG-INFO
[0.733s] writing dependency_links to decision_making_pkg.egg-info/dependency_links.txt
[0.733s] writing entry points to decision_making_pkg.egg-info/entry_points.txt
[0.734s] writing requirements to decision_making_pkg.egg-info/requires.txt
[0.734s] writing top-level names to decision_making_pkg.egg-info/top_level.txt
[0.734s] writing manifest file 'decision_making_pkg.egg-info/SOURCES.txt'
[0.735s] reading manifest file 'decision_making_pkg.egg-info/SOURCES.txt'
[0.735s] writing manifest file 'decision_making_pkg.egg-info/SOURCES.txt'
[0.736s] running build_ext
[0.736s] Creating /home/sun/ros2_autonomous_vehicle_simulation/install/decision_making_pkg/lib/python3.10/site-packages/decision-making-pkg.egg-link (link to .)
[0.737s] Installing motion_planner_node script to /home/sun/ros2_autonomous_vehicle_simulation/install/decision_making_pkg/lib/decision_making_pkg
[0.737s] Installing path_planner_node script to /home/sun/ros2_autonomous_vehicle_simulation/install/decision_making_pkg/lib/decision_making_pkg
[0.737s] 
[0.737s] Installed /home/sun/ros2_autonomous_vehicle_simulation/build/decision_making_pkg
[0.737s] running symlink_data
[0.737s] creating /home/sun/ros2_autonomous_vehicle_simulation/install/decision_making_pkg/share/ament_index
[0.737s] creating /home/sun/ros2_autonomous_vehicle_simulation/install/decision_making_pkg/share/ament_index/resource_index
[0.737s] creating /home/sun/ros2_autonomous_vehicle_simulation/install/decision_making_pkg/share/ament_index/resource_index/packages
[0.737s] symbolically linking /home/sun/ros2_autonomous_vehicle_simulation/build/decision_making_pkg/resource/decision_making_pkg -> /home/sun/ros2_autonomous_vehicle_simulation/install/decision_making_pkg/share/ament_index/resource_index/packages
[0.737s] symbolically linking /home/sun/ros2_autonomous_vehicle_simulation/build/decision_making_pkg/package.xml -> /home/sun/ros2_autonomous_vehicle_simulation/install/decision_making_pkg/share/decision_making_pkg
[0.762s] Invoked command in '/home/sun/ros2_autonomous_vehicle_simulation/build/decision_making_pkg' returned '0': PYTHONPATH=/home/sun/ros2_autonomous_vehicle_simulation/build/decision_making_pkg/prefix_override:/usr/lib/python3/dist-packages/colcon_core/task/python/colcon_distutils_commands:/home/sun/ros2_autonomous_vehicle_simulation/install/decision_making_pkg/lib/python3.10/site-packages:${PYTHONPATH} /usr/bin/python3 -W ignore:setup.py install is deprecated -W ignore:easy_install command is deprecated setup.py develop --editable --build-directory /home/sun/ros2_autonomous_vehicle_simulation/build/decision_making_pkg/build --no-deps symlink_data
