[0.113s] DEBUG:colcon:Command line arguments: ['/usr/bin/colcon', 'build', '--packages-select', 'interfaces_pkg', '--allow-overriding', 'interfaces_pkg']
[0.113s] DEBUG:colcon:Parsed command line arguments: Namespace(log_base=None, log_level=None, verb_name='build', build_base='build', install_base='install', merge_install=False, symlink_install=False, test_result_base=None, continue_on_error=False, executor='parallel', parallel_workers=16, event_handlers=None, ignore_user_meta=False, metas=['./colcon.meta'], base_paths=['.'], packages_ignore=None, packages_ignore_regex=None, paths=None, packages_up_to=None, packages_up_to_regex=None, packages_above=None, packages_above_and_dependencies=None, packages_above_depth=None, packages_select_by_dep=None, packages_skip_by_dep=None, packages_skip_up_to=None, packages_select_build_failed=False, packages_skip_build_finished=False, packages_select_test_failures=False, packages_skip_test_passed=False, packages_select=['interfaces_pkg'], packages_skip=None, packages_select_regex=None, packages_skip_regex=None, packages_start=None, packages_end=None, allow_overriding=['interfaces_pkg'], cmake_args=None, cmake_target=None, cmake_target_skip_unavailable=False, cmake_clean_cache=False, cmake_clean_first=False, cmake_force_configure=False, ament_cmake_args=None, catkin_cmake_args=None, catkin_skip_building_tests=False, mixin_files=None, mixin=None, verb_parser=<colcon_mixin.mixin.mixin_argument.MixinArgumentDecorator object at 0x7b92fa5fa0b0>, verb_extension=<colcon_core.verb.build.BuildVerb object at 0x7b92fa76b040>, main=<bound method BuildVerb.main of <colcon_core.verb.build.BuildVerb object at 0x7b92fa76b040>>, mixin_verb=('build',))
[0.306s] Level 1:colcon.colcon_core.package_discovery:discover_packages(colcon_meta) check parameters
[0.306s] Level 1:colcon.colcon_core.package_discovery:discover_packages(recursive) check parameters
[0.306s] Level 1:colcon.colcon_core.package_discovery:discover_packages(ignore) check parameters
[0.306s] Level 1:colcon.colcon_core.package_discovery:discover_packages(path) check parameters
[0.306s] Level 1:colcon.colcon_core.package_discovery:discover_packages(colcon_meta) discover
[0.306s] Level 1:colcon.colcon_core.package_discovery:discover_packages(recursive) discover
[0.306s] INFO:colcon.colcon_core.package_discovery:Crawling recursively for packages in '/home/sun/ros2_autonomous_vehicle_simulation'
[0.306s] Level 1:colcon.colcon_core.package_identification:_identify(.) by extensions ['ignore', 'ignore_ament_install']
[0.306s] Level 1:colcon.colcon_core.package_identification:_identify(.) by extension 'ignore'
[0.306s] Level 1:colcon.colcon_core.package_identification:_identify(.) by extension 'ignore_ament_install'
[0.306s] Level 1:colcon.colcon_core.package_identification:_identify(.) by extensions ['colcon_pkg']
[0.306s] Level 1:colcon.colcon_core.package_identification:_identify(.) by extension 'colcon_pkg'
[0.306s] Level 1:colcon.colcon_core.package_identification:_identify(.) by extensions ['colcon_meta']
[0.306s] Level 1:colcon.colcon_core.package_identification:_identify(.) by extension 'colcon_meta'
[0.307s] Level 1:colcon.colcon_core.package_identification:_identify(.) by extensions ['ros']
[0.307s] Level 1:colcon.colcon_core.package_identification:_identify(.) by extension 'ros'
[0.317s] Level 1:colcon.colcon_core.package_identification:_identify(.) by extensions ['cmake', 'python']
[0.318s] Level 1:colcon.colcon_core.package_identification:_identify(.) by extension 'cmake'
[0.318s] Level 1:colcon.colcon_core.package_identification:_identify(.) by extension 'python'
[0.318s] Level 1:colcon.colcon_core.package_identification:_identify(.) by extensions ['python_setup_py']
[0.318s] Level 1:colcon.colcon_core.package_identification:_identify(.) by extension 'python_setup_py'
[0.318s] Level 1:colcon.colcon_core.package_identification:_identify(build) by extensions ['ignore', 'ignore_ament_install']
[0.318s] Level 1:colcon.colcon_core.package_identification:_identify(build) by extension 'ignore'
[0.318s] Level 1:colcon.colcon_core.package_identification:_identify(build) ignored
[0.318s] Level 1:colcon.colcon_core.package_identification:_identify(install) by extensions ['ignore', 'ignore_ament_install']
[0.318s] Level 1:colcon.colcon_core.package_identification:_identify(install) by extension 'ignore'
[0.318s] Level 1:colcon.colcon_core.package_identification:_identify(install) ignored
[0.318s] Level 1:colcon.colcon_core.package_identification:_identify(log) by extensions ['ignore', 'ignore_ament_install']
[0.318s] Level 1:colcon.colcon_core.package_identification:_identify(log) by extension 'ignore'
[0.318s] Level 1:colcon.colcon_core.package_identification:_identify(log) ignored
[0.319s] Level 1:colcon.colcon_core.package_identification:_identify(src) by extensions ['ignore', 'ignore_ament_install']
[0.319s] Level 1:colcon.colcon_core.package_identification:_identify(src) by extension 'ignore'
[0.319s] Level 1:colcon.colcon_core.package_identification:_identify(src) by extension 'ignore_ament_install'
[0.319s] Level 1:colcon.colcon_core.package_identification:_identify(src) by extensions ['colcon_pkg']
[0.319s] Level 1:colcon.colcon_core.package_identification:_identify(src) by extension 'colcon_pkg'
[0.319s] Level 1:colcon.colcon_core.package_identification:_identify(src) by extensions ['colcon_meta']
[0.319s] Level 1:colcon.colcon_core.package_identification:_identify(src) by extension 'colcon_meta'
[0.319s] Level 1:colcon.colcon_core.package_identification:_identify(src) by extensions ['ros']
[0.319s] Level 1:colcon.colcon_core.package_identification:_identify(src) by extension 'ros'
[0.319s] Level 1:colcon.colcon_core.package_identification:_identify(src) by extensions ['cmake', 'python']
[0.319s] Level 1:colcon.colcon_core.package_identification:_identify(src) by extension 'cmake'
[0.319s] Level 1:colcon.colcon_core.package_identification:_identify(src) by extension 'python'
[0.319s] Level 1:colcon.colcon_core.package_identification:_identify(src) by extensions ['python_setup_py']
[0.319s] Level 1:colcon.colcon_core.package_identification:_identify(src) by extension 'python_setup_py'
[0.319s] Level 1:colcon.colcon_core.package_identification:_identify(src/camera_perception_pkg) by extensions ['ignore', 'ignore_ament_install']
[0.319s] Level 1:colcon.colcon_core.package_identification:_identify(src/camera_perception_pkg) by extension 'ignore'
[0.319s] Level 1:colcon.colcon_core.package_identification:_identify(src/camera_perception_pkg) by extension 'ignore_ament_install'
[0.319s] Level 1:colcon.colcon_core.package_identification:_identify(src/camera_perception_pkg) by extensions ['colcon_pkg']
[0.320s] Level 1:colcon.colcon_core.package_identification:_identify(src/camera_perception_pkg) by extension 'colcon_pkg'
[0.320s] Level 1:colcon.colcon_core.package_identification:_identify(src/camera_perception_pkg) by extensions ['colcon_meta']
[0.320s] Level 1:colcon.colcon_core.package_identification:_identify(src/camera_perception_pkg) by extension 'colcon_meta'
[0.320s] Level 1:colcon.colcon_core.package_identification:_identify(src/camera_perception_pkg) by extensions ['ros']
[0.320s] Level 1:colcon.colcon_core.package_identification:_identify(src/camera_perception_pkg) by extension 'ros'
[0.330s] DEBUG:colcon.colcon_core.package_identification:Package 'src/camera_perception_pkg' with type 'ros.ament_python' and name 'camera_perception_pkg'
[0.330s] Level 1:colcon.colcon_core.package_identification:_identify(src/debug_pkg) by extensions ['ignore', 'ignore_ament_install']
[0.330s] Level 1:colcon.colcon_core.package_identification:_identify(src/debug_pkg) by extension 'ignore'
[0.330s] Level 1:colcon.colcon_core.package_identification:_identify(src/debug_pkg) by extension 'ignore_ament_install'
[0.330s] Level 1:colcon.colcon_core.package_identification:_identify(src/debug_pkg) by extensions ['colcon_pkg']
[0.330s] Level 1:colcon.colcon_core.package_identification:_identify(src/debug_pkg) by extension 'colcon_pkg'
[0.330s] Level 1:colcon.colcon_core.package_identification:_identify(src/debug_pkg) by extensions ['colcon_meta']
[0.330s] Level 1:colcon.colcon_core.package_identification:_identify(src/debug_pkg) by extension 'colcon_meta'
[0.330s] Level 1:colcon.colcon_core.package_identification:_identify(src/debug_pkg) by extensions ['ros']
[0.330s] Level 1:colcon.colcon_core.package_identification:_identify(src/debug_pkg) by extension 'ros'
[0.331s] DEBUG:colcon.colcon_core.package_identification:Package 'src/debug_pkg' with type 'ros.ament_python' and name 'debug_pkg'
[0.331s] Level 1:colcon.colcon_core.package_identification:_identify(src/decision_making_pkg) by extensions ['ignore', 'ignore_ament_install']
[0.331s] Level 1:colcon.colcon_core.package_identification:_identify(src/decision_making_pkg) by extension 'ignore'
[0.331s] Level 1:colcon.colcon_core.package_identification:_identify(src/decision_making_pkg) by extension 'ignore_ament_install'
[0.331s] Level 1:colcon.colcon_core.package_identification:_identify(src/decision_making_pkg) by extensions ['colcon_pkg']
[0.331s] Level 1:colcon.colcon_core.package_identification:_identify(src/decision_making_pkg) by extension 'colcon_pkg'
[0.331s] Level 1:colcon.colcon_core.package_identification:_identify(src/decision_making_pkg) by extensions ['colcon_meta']
[0.331s] Level 1:colcon.colcon_core.package_identification:_identify(src/decision_making_pkg) by extension 'colcon_meta'
[0.331s] Level 1:colcon.colcon_core.package_identification:_identify(src/decision_making_pkg) by extensions ['ros']
[0.331s] Level 1:colcon.colcon_core.package_identification:_identify(src/decision_making_pkg) by extension 'ros'
[0.332s] DEBUG:colcon.colcon_core.package_identification:Package 'src/decision_making_pkg' with type 'ros.ament_python' and name 'decision_making_pkg'
[0.332s] Level 1:colcon.colcon_core.package_identification:_identify(src/interfaces_pkg) by extensions ['ignore', 'ignore_ament_install']
[0.332s] Level 1:colcon.colcon_core.package_identification:_identify(src/interfaces_pkg) by extension 'ignore'
[0.332s] Level 1:colcon.colcon_core.package_identification:_identify(src/interfaces_pkg) by extension 'ignore_ament_install'
[0.332s] Level 1:colcon.colcon_core.package_identification:_identify(src/interfaces_pkg) by extensions ['colcon_pkg']
[0.332s] Level 1:colcon.colcon_core.package_identification:_identify(src/interfaces_pkg) by extension 'colcon_pkg'
[0.332s] Level 1:colcon.colcon_core.package_identification:_identify(src/interfaces_pkg) by extensions ['colcon_meta']
[0.332s] Level 1:colcon.colcon_core.package_identification:_identify(src/interfaces_pkg) by extension 'colcon_meta'
[0.332s] Level 1:colcon.colcon_core.package_identification:_identify(src/interfaces_pkg) by extensions ['ros']
[0.332s] Level 1:colcon.colcon_core.package_identification:_identify(src/interfaces_pkg) by extension 'ros'
[0.333s] DEBUG:colcon.colcon_core.package_identification:Package 'src/interfaces_pkg' with type 'ros.ament_cmake' and name 'interfaces_pkg'
[0.333s] Level 1:colcon.colcon_core.package_identification:_identify(src/lidar_perception_pkg) by extensions ['ignore', 'ignore_ament_install']
[0.333s] Level 1:colcon.colcon_core.package_identification:_identify(src/lidar_perception_pkg) by extension 'ignore'
[0.333s] Level 1:colcon.colcon_core.package_identification:_identify(src/lidar_perception_pkg) by extension 'ignore_ament_install'
[0.333s] Level 1:colcon.colcon_core.package_identification:_identify(src/lidar_perception_pkg) by extensions ['colcon_pkg']
[0.333s] Level 1:colcon.colcon_core.package_identification:_identify(src/lidar_perception_pkg) by extension 'colcon_pkg'
[0.333s] Level 1:colcon.colcon_core.package_identification:_identify(src/lidar_perception_pkg) by extensions ['colcon_meta']
[0.334s] Level 1:colcon.colcon_core.package_identification:_identify(src/lidar_perception_pkg) by extension 'colcon_meta'
[0.334s] Level 1:colcon.colcon_core.package_identification:_identify(src/lidar_perception_pkg) by extensions ['ros']
[0.334s] Level 1:colcon.colcon_core.package_identification:_identify(src/lidar_perception_pkg) by extension 'ros'
[0.334s] DEBUG:colcon.colcon_core.package_identification:Package 'src/lidar_perception_pkg' with type 'ros.ament_python' and name 'lidar_perception_pkg'
[0.334s] Level 1:colcon.colcon_core.package_identification:_identify(src/simulation_pkg) by extensions ['ignore', 'ignore_ament_install']
[0.334s] Level 1:colcon.colcon_core.package_identification:_identify(src/simulation_pkg) by extension 'ignore'
[0.334s] Level 1:colcon.colcon_core.package_identification:_identify(src/simulation_pkg) by extension 'ignore_ament_install'
[0.334s] Level 1:colcon.colcon_core.package_identification:_identify(src/simulation_pkg) by extensions ['colcon_pkg']
[0.335s] Level 1:colcon.colcon_core.package_identification:_identify(src/simulation_pkg) by extension 'colcon_pkg'
[0.335s] Level 1:colcon.colcon_core.package_identification:_identify(src/simulation_pkg) by extensions ['colcon_meta']
[0.335s] Level 1:colcon.colcon_core.package_identification:_identify(src/simulation_pkg) by extension 'colcon_meta'
[0.335s] Level 1:colcon.colcon_core.package_identification:_identify(src/simulation_pkg) by extensions ['ros']
[0.335s] Level 1:colcon.colcon_core.package_identification:_identify(src/simulation_pkg) by extension 'ros'
[0.337s] DEBUG:colcon.colcon_core.package_identification:Package 'src/simulation_pkg' with type 'ros.ament_python' and name 'simulation_pkg'
[0.337s] Level 1:colcon.colcon_core.package_discovery:discover_packages(recursive) using defaults
[0.337s] Level 1:colcon.colcon_core.package_discovery:discover_packages(ignore) discover
[0.337s] Level 1:colcon.colcon_core.package_discovery:discover_packages(ignore) using defaults
[0.337s] Level 1:colcon.colcon_core.package_discovery:discover_packages(path) discover
[0.337s] Level 1:colcon.colcon_core.package_discovery:discover_packages(path) using defaults
[0.357s] INFO:colcon.colcon_core.package_selection:Skipping not selected package 'camera_perception_pkg' in 'src/camera_perception_pkg'
[0.357s] INFO:colcon.colcon_core.package_selection:Skipping not selected package 'debug_pkg' in 'src/debug_pkg'
[0.357s] INFO:colcon.colcon_core.package_selection:Skipping not selected package 'decision_making_pkg' in 'src/decision_making_pkg'
[0.357s] INFO:colcon.colcon_core.package_selection:Skipping not selected package 'lidar_perception_pkg' in 'src/lidar_perception_pkg'
[0.357s] INFO:colcon.colcon_core.package_selection:Skipping not selected package 'simulation_pkg' in 'src/simulation_pkg'
[0.358s] Level 1:colcon.colcon_core.package_discovery:discover_packages(prefix_path) check parameters
[0.358s] Level 1:colcon.colcon_core.package_discovery:discover_packages(prefix_path) discover
[0.360s] DEBUG:colcon.colcon_installed_package_information.package_discovery:Found 279 installed packages in /opt/ros/humble
[0.362s] Level 1:colcon.colcon_core.package_discovery:discover_packages(prefix_path) using defaults
[0.398s] Level 5:colcon.colcon_core.verb:set package 'interfaces_pkg' build argument 'cmake_args' from command line to 'None'
[0.398s] Level 5:colcon.colcon_core.verb:set package 'interfaces_pkg' build argument 'cmake_target' from command line to 'None'
[0.398s] Level 5:colcon.colcon_core.verb:set package 'interfaces_pkg' build argument 'cmake_target_skip_unavailable' from command line to 'False'
[0.398s] Level 5:colcon.colcon_core.verb:set package 'interfaces_pkg' build argument 'cmake_clean_cache' from command line to 'False'
[0.398s] Level 5:colcon.colcon_core.verb:set package 'interfaces_pkg' build argument 'cmake_clean_first' from command line to 'False'
[0.398s] Level 5:colcon.colcon_core.verb:set package 'interfaces_pkg' build argument 'cmake_force_configure' from command line to 'False'
[0.398s] Level 5:colcon.colcon_core.verb:set package 'interfaces_pkg' build argument 'ament_cmake_args' from command line to 'None'
[0.398s] Level 5:colcon.colcon_core.verb:set package 'interfaces_pkg' build argument 'catkin_cmake_args' from command line to 'None'
[0.398s] Level 5:colcon.colcon_core.verb:set package 'interfaces_pkg' build argument 'catkin_skip_building_tests' from command line to 'False'
[0.398s] DEBUG:colcon.colcon_core.verb:Building package 'interfaces_pkg' with the following arguments: {'ament_cmake_args': None, 'build_base': '/home/sun/ros2_autonomous_vehicle_simulation/build/interfaces_pkg', 'catkin_cmake_args': None, 'catkin_skip_building_tests': False, 'cmake_args': None, 'cmake_clean_cache': False, 'cmake_clean_first': False, 'cmake_force_configure': False, 'cmake_target': None, 'cmake_target_skip_unavailable': False, 'install_base': '/home/sun/ros2_autonomous_vehicle_simulation/install/interfaces_pkg', 'merge_install': False, 'path': '/home/sun/ros2_autonomous_vehicle_simulation/src/interfaces_pkg', 'symlink_install': False, 'test_result_base': None}
[0.398s] INFO:colcon.colcon_core.executor:Executing jobs using 'parallel' executor
[0.399s] DEBUG:colcon.colcon_parallel_executor.executor.parallel:run_until_complete
[0.400s] INFO:colcon.colcon_ros.task.ament_cmake.build:Building ROS package in '/home/sun/ros2_autonomous_vehicle_simulation/src/interfaces_pkg' with build type 'ament_cmake'
[0.400s] INFO:colcon.colcon_cmake.task.cmake.build:Building CMake package in '/home/sun/ros2_autonomous_vehicle_simulation/src/interfaces_pkg'
[0.402s] INFO:colcon.colcon_core.plugin_system:Skipping extension 'colcon_core.shell.bat': Not used on non-Windows systems
[0.402s] INFO:colcon.colcon_core.shell:Skip shell extension 'powershell' for command environment: Not usable outside of PowerShell
[0.402s] DEBUG:colcon.colcon_core.shell:Skip shell extension 'dsv' for command environment
[0.411s] DEBUG:colcon.colcon_core.event_handler.log_command:Invoking command in '/home/sun/ros2_autonomous_vehicle_simulation/build/interfaces_pkg': CMAKE_PREFIX_PATH=/opt/ros/humble: /usr/bin/cmake /home/sun/ros2_autonomous_vehicle_simulation/src/interfaces_pkg -DCMAKE_INSTALL_PREFIX=/home/sun/ros2_autonomous_vehicle_simulation/install/interfaces_pkg
[1.821s] DEBUG:colcon.colcon_core.event_handler.log_command:Invoked command in '/home/sun/ros2_autonomous_vehicle_simulation/build/interfaces_pkg' returned '0': CMAKE_PREFIX_PATH=/opt/ros/humble: /usr/bin/cmake /home/sun/ros2_autonomous_vehicle_simulation/src/interfaces_pkg -DCMAKE_INSTALL_PREFIX=/home/sun/ros2_autonomous_vehicle_simulation/install/interfaces_pkg
[1.823s] DEBUG:colcon.colcon_core.event_handler.log_command:Invoking command in '/home/sun/ros2_autonomous_vehicle_simulation/build/interfaces_pkg': CMAKE_PREFIX_PATH=/opt/ros/humble: /usr/bin/cmake --build /home/sun/ros2_autonomous_vehicle_simulation/build/interfaces_pkg -- -j16 -l16
[7.373s] DEBUG:colcon.colcon_core.event_handler.log_command:Invoked command in '/home/sun/ros2_autonomous_vehicle_simulation/build/interfaces_pkg' returned '0': CMAKE_PREFIX_PATH=/opt/ros/humble: /usr/bin/cmake --build /home/sun/ros2_autonomous_vehicle_simulation/build/interfaces_pkg -- -j16 -l16
[7.383s] DEBUG:colcon.colcon_core.event_handler.log_command:Invoking command in '/home/sun/ros2_autonomous_vehicle_simulation/build/interfaces_pkg': CMAKE_PREFIX_PATH=/opt/ros/humble: /usr/bin/cmake --install /home/sun/ros2_autonomous_vehicle_simulation/build/interfaces_pkg
[7.478s] Level 1:colcon.colcon_core.environment:create_environment_scripts_only(interfaces_pkg)
[7.478s] DEBUG:colcon.colcon_core.event_handler.log_command:Invoked command in '/home/sun/ros2_autonomous_vehicle_simulation/build/interfaces_pkg' returned '0': CMAKE_PREFIX_PATH=/opt/ros/humble: /usr/bin/cmake --install /home/sun/ros2_autonomous_vehicle_simulation/build/interfaces_pkg
[7.480s] Level 1:colcon.colcon_core.environment:checking '/home/sun/ros2_autonomous_vehicle_simulation/install/interfaces_pkg' for CMake module files
[7.480s] Level 1:colcon.colcon_core.environment:checking '/home/sun/ros2_autonomous_vehicle_simulation/install/interfaces_pkg' for CMake config files
[7.481s] Level 1:colcon.colcon_core.shell:create_environment_hook('interfaces_pkg', 'cmake_prefix_path')
[7.481s] INFO:colcon.colcon_core.shell:Creating environment hook '/home/sun/ros2_autonomous_vehicle_simulation/install/interfaces_pkg/share/interfaces_pkg/hook/cmake_prefix_path.ps1'
[7.481s] INFO:colcon.colcon_core.shell:Creating environment descriptor '/home/sun/ros2_autonomous_vehicle_simulation/install/interfaces_pkg/share/interfaces_pkg/hook/cmake_prefix_path.dsv'
[7.481s] INFO:colcon.colcon_core.shell:Creating environment hook '/home/sun/ros2_autonomous_vehicle_simulation/install/interfaces_pkg/share/interfaces_pkg/hook/cmake_prefix_path.sh'
[7.482s] Level 1:colcon.colcon_core.environment:checking '/home/sun/ros2_autonomous_vehicle_simulation/install/interfaces_pkg/lib'
[7.482s] Level 1:colcon.colcon_core.shell:create_environment_hook('interfaces_pkg', 'ld_library_path_lib')
[7.482s] INFO:colcon.colcon_core.shell:Creating environment hook '/home/sun/ros2_autonomous_vehicle_simulation/install/interfaces_pkg/share/interfaces_pkg/hook/ld_library_path_lib.ps1'
[7.482s] INFO:colcon.colcon_core.shell:Creating environment descriptor '/home/sun/ros2_autonomous_vehicle_simulation/install/interfaces_pkg/share/interfaces_pkg/hook/ld_library_path_lib.dsv'
[7.483s] INFO:colcon.colcon_core.shell:Creating environment hook '/home/sun/ros2_autonomous_vehicle_simulation/install/interfaces_pkg/share/interfaces_pkg/hook/ld_library_path_lib.sh'
[7.483s] Level 1:colcon.colcon_core.environment:checking '/home/sun/ros2_autonomous_vehicle_simulation/install/interfaces_pkg/bin'
[7.483s] Level 1:colcon.colcon_core.environment:checking '/home/sun/ros2_autonomous_vehicle_simulation/install/interfaces_pkg/lib/pkgconfig/interfaces_pkg.pc'
[7.483s] Level 1:colcon.colcon_core.environment:checking '/home/sun/ros2_autonomous_vehicle_simulation/install/interfaces_pkg/lib/python3.10/site-packages'
[7.483s] Level 1:colcon.colcon_core.environment:checking '/home/sun/ros2_autonomous_vehicle_simulation/install/interfaces_pkg/bin'
[7.483s] INFO:colcon.colcon_core.shell:Creating package script '/home/sun/ros2_autonomous_vehicle_simulation/install/interfaces_pkg/share/interfaces_pkg/package.ps1'
[7.484s] INFO:colcon.colcon_core.shell:Creating package descriptor '/home/sun/ros2_autonomous_vehicle_simulation/install/interfaces_pkg/share/interfaces_pkg/package.dsv'
[7.484s] INFO:colcon.colcon_core.shell:Creating package script '/home/sun/ros2_autonomous_vehicle_simulation/install/interfaces_pkg/share/interfaces_pkg/package.sh'
[7.485s] INFO:colcon.colcon_core.shell:Creating package script '/home/sun/ros2_autonomous_vehicle_simulation/install/interfaces_pkg/share/interfaces_pkg/package.bash'
[7.485s] INFO:colcon.colcon_core.shell:Creating package script '/home/sun/ros2_autonomous_vehicle_simulation/install/interfaces_pkg/share/interfaces_pkg/package.zsh'
[7.486s] Level 1:colcon.colcon_core.environment:create_file_with_runtime_dependencies(/home/sun/ros2_autonomous_vehicle_simulation/install/interfaces_pkg/share/colcon-core/packages/interfaces_pkg)
[7.486s] Level 1:colcon.colcon_core.environment:create_environment_scripts_only(interfaces_pkg)
[7.486s] Level 1:colcon.colcon_core.environment:checking '/home/sun/ros2_autonomous_vehicle_simulation/install/interfaces_pkg' for CMake module files
[7.487s] Level 1:colcon.colcon_core.environment:checking '/home/sun/ros2_autonomous_vehicle_simulation/install/interfaces_pkg' for CMake config files
[7.487s] Level 1:colcon.colcon_core.shell:create_environment_hook('interfaces_pkg', 'cmake_prefix_path')
[7.487s] INFO:colcon.colcon_core.shell:Creating environment hook '/home/sun/ros2_autonomous_vehicle_simulation/install/interfaces_pkg/share/interfaces_pkg/hook/cmake_prefix_path.ps1'
[7.487s] INFO:colcon.colcon_core.shell:Creating environment descriptor '/home/sun/ros2_autonomous_vehicle_simulation/install/interfaces_pkg/share/interfaces_pkg/hook/cmake_prefix_path.dsv'
[7.488s] INFO:colcon.colcon_core.shell:Creating environment hook '/home/sun/ros2_autonomous_vehicle_simulation/install/interfaces_pkg/share/interfaces_pkg/hook/cmake_prefix_path.sh'
[7.488s] Level 1:colcon.colcon_core.environment:checking '/home/sun/ros2_autonomous_vehicle_simulation/install/interfaces_pkg/lib'
[7.488s] Level 1:colcon.colcon_core.shell:create_environment_hook('interfaces_pkg', 'ld_library_path_lib')
[7.488s] INFO:colcon.colcon_core.shell:Creating environment hook '/home/sun/ros2_autonomous_vehicle_simulation/install/interfaces_pkg/share/interfaces_pkg/hook/ld_library_path_lib.ps1'
[7.488s] INFO:colcon.colcon_core.shell:Creating environment descriptor '/home/sun/ros2_autonomous_vehicle_simulation/install/interfaces_pkg/share/interfaces_pkg/hook/ld_library_path_lib.dsv'
[7.488s] INFO:colcon.colcon_core.shell:Creating environment hook '/home/sun/ros2_autonomous_vehicle_simulation/install/interfaces_pkg/share/interfaces_pkg/hook/ld_library_path_lib.sh'
[7.489s] Level 1:colcon.colcon_core.environment:checking '/home/sun/ros2_autonomous_vehicle_simulation/install/interfaces_pkg/bin'
[7.489s] Level 1:colcon.colcon_core.environment:checking '/home/sun/ros2_autonomous_vehicle_simulation/install/interfaces_pkg/lib/pkgconfig/interfaces_pkg.pc'
[7.489s] Level 1:colcon.colcon_core.environment:checking '/home/sun/ros2_autonomous_vehicle_simulation/install/interfaces_pkg/lib/python3.10/site-packages'
[7.489s] Level 1:colcon.colcon_core.environment:checking '/home/sun/ros2_autonomous_vehicle_simulation/install/interfaces_pkg/bin'
[7.489s] INFO:colcon.colcon_core.shell:Creating package script '/home/sun/ros2_autonomous_vehicle_simulation/install/interfaces_pkg/share/interfaces_pkg/package.ps1'
[7.490s] INFO:colcon.colcon_core.shell:Creating package descriptor '/home/sun/ros2_autonomous_vehicle_simulation/install/interfaces_pkg/share/interfaces_pkg/package.dsv'
[7.490s] INFO:colcon.colcon_core.shell:Creating package script '/home/sun/ros2_autonomous_vehicle_simulation/install/interfaces_pkg/share/interfaces_pkg/package.sh'
[7.490s] INFO:colcon.colcon_core.shell:Creating package script '/home/sun/ros2_autonomous_vehicle_simulation/install/interfaces_pkg/share/interfaces_pkg/package.bash'
[7.490s] INFO:colcon.colcon_core.shell:Creating package script '/home/sun/ros2_autonomous_vehicle_simulation/install/interfaces_pkg/share/interfaces_pkg/package.zsh'
[7.491s] Level 1:colcon.colcon_core.environment:create_file_with_runtime_dependencies(/home/sun/ros2_autonomous_vehicle_simulation/install/interfaces_pkg/share/colcon-core/packages/interfaces_pkg)
[7.491s] DEBUG:colcon.colcon_parallel_executor.executor.parallel:closing loop
[7.491s] DEBUG:colcon.colcon_parallel_executor.executor.parallel:loop closed
[7.491s] DEBUG:colcon.colcon_parallel_executor.executor.parallel:run_until_complete finished with '0'
[7.491s] DEBUG:colcon.colcon_core.event_reactor:joining thread
[7.495s] INFO:colcon.colcon_core.plugin_system:Skipping extension 'colcon_notification.desktop_notification.terminal_notifier': Not used on non-Darwin systems
[7.495s] INFO:colcon.colcon_core.plugin_system:Skipping extension 'colcon_notification.desktop_notification.win32': Not used on non-Windows systems
[7.495s] INFO:colcon.colcon_notification.desktop_notification:Sending desktop notification using 'notify2'
[7.506s] DEBUG:colcon.colcon_core.event_reactor:joined thread
[7.507s] INFO:colcon.colcon_core.shell:Creating prefix script '/home/sun/ros2_autonomous_vehicle_simulation/install/local_setup.ps1'
[7.508s] INFO:colcon.colcon_core.shell:Creating prefix util module '/home/sun/ros2_autonomous_vehicle_simulation/install/_local_setup_util_ps1.py'
[7.509s] INFO:colcon.colcon_core.shell:Creating prefix chain script '/home/sun/ros2_autonomous_vehicle_simulation/install/setup.ps1'
[7.509s] INFO:colcon.colcon_core.shell:Creating prefix script '/home/sun/ros2_autonomous_vehicle_simulation/install/local_setup.sh'
[7.509s] INFO:colcon.colcon_core.shell:Creating prefix util module '/home/sun/ros2_autonomous_vehicle_simulation/install/_local_setup_util_sh.py'
[7.510s] INFO:colcon.colcon_core.shell:Creating prefix chain script '/home/sun/ros2_autonomous_vehicle_simulation/install/setup.sh'
[7.510s] INFO:colcon.colcon_core.shell:Creating prefix script '/home/sun/ros2_autonomous_vehicle_simulation/install/local_setup.bash'
[7.511s] INFO:colcon.colcon_core.shell:Creating prefix chain script '/home/sun/ros2_autonomous_vehicle_simulation/install/setup.bash'
[7.511s] INFO:colcon.colcon_core.shell:Creating prefix script '/home/sun/ros2_autonomous_vehicle_simulation/install/local_setup.zsh'
[7.511s] INFO:colcon.colcon_core.shell:Creating prefix chain script '/home/sun/ros2_autonomous_vehicle_simulation/install/setup.zsh'
